# JRE version: Java(TM) SE Runtime Environment (8.0_101-b13) (build 1.8.0_101-b13)
# Java VM: Java HotSpot(TM) 64-Bit Server VM (25.101-b13 mixed mode windows-amd64 compressed oops)
Heap:
 PSYoungGen      total 188928K, used 142651K [0x00000000eab00000, 0x00000000f8a80000, 0x0000000100000000)
  eden space 160768K, 73% used [0x00000000eab00000,0x00000000f1e79b48,0x00000000f4800000)
  from space 28160K, 86% used [0x00000000f6780000,0x00000000f7f554b0,0x00000000f8300000)
  to   space 32256K, 0% used [0x00000000f4800000,0x00000000f4800000,0x00000000f6780000)
 ParOldGen       total 101376K, used 59767K [0x00000000c0000000, 0x00000000c6300000, 0x00000000eab00000)
  object space 101376K, 58% used [0x00000000c0000000,0x00000000c3a5dd10,0x00000000c6300000)
 Metaspace       used 55344K, capacity 56580K, committed 56704K, reserved 1097728K
  class space    used 7404K, capacity 7733K, committed 7808K, reserved 1048576K
GC Heap History (10 events):
Event: 13.835 GC heap before
{Heap before GC invocations=12 (full 2):
 PSYoungGen      total 130560K, used 130558K [0x00000000eab00000, 0x00000000f5600000, 0x0000000100000000)
  eden space 117248K, 100% used [0x00000000eab00000,0x00000000f1d80000,0x00000000f1d80000)
  from space 13312K, 99% used [0x00000000f1d80000,0x00000000f2a7fb50,0x00000000f2a80000)
  to   space 14848K, 0% used [0x00000000f4780000,0x00000000f4780000,0x00000000f5600000)
 ParOldGen       total 101376K, used 20289K [0x00000000c0000000, 0x00000000c6300000, 0x00000000eab00000)
  object space 101376K, 20% used [0x00000000c0000000,0x00000000c13d07a0,0x00000000c6300000)
 Metaspace       used 52280K, capacity 53390K, committed 53504K, reserved 1095680K
  class space    used 7147K, capacity 7372K, committed 7424K, reserved 1048576K
Event: 13.856 GC heap after
Heap after GC invocations=12 (full 2):
 PSYoungGen      total 152576K, used 14841K [0x00000000eab00000, 0x00000000f6300000, 0x0000000100000000)
  eden space 137728K, 0% used [0x00000000eab00000,0x00000000eab00000,0x00000000f3180000)
  from space 14848K, 99% used [0x00000000f4780000,0x00000000f55fe780,0x00000000f5600000)
  to   space 22528K, 0% used [0x00000000f3180000,0x00000000f3180000,0x00000000f4780000)
 ParOldGen       total 101376K, used 36239K [0x00000000c0000000, 0x00000000c6300000, 0x00000000eab00000)
  object space 101376K, 35% used [0x00000000c0000000,0x00000000c2363c58,0x00000000c6300000)
 Metaspace       used 52280K, capacity 53390K, committed 53504K, reserved 1095680K
  class space    used 7147K, capacity 7372K, committed 7424K, reserved 1048576K
}
Event: 19.169 GC heap before
{Heap before GC invocations=13 (full 2):
 PSYoungGen      total 152576K, used 152569K [0x00000000eab00000, 0x00000000f6300000, 0x0000000100000000)
  eden space 137728K, 100% used [0x00000000eab00000,0x00000000f3180000,0x00000000f3180000)
  from space 14848K, 99% used [0x00000000f4780000,0x00000000f55fe780,0x00000000f5600000)
  to   space 22528K, 0% used [0x00000000f3180000,0x00000000f3180000,0x00000000f4780000)
 ParOldGen       total 101376K, used 36239K [0x00000000c0000000, 0x00000000c6300000, 0x00000000eab00000)
  object space 101376K, 35% used [0x00000000c0000000,0x00000000c2363c58,0x00000000c6300000)
 Metaspace       used 54871K, capacity 56044K, committed 56064K, reserved 1097728K
  class space    used 7388K, capacity 7661K, committed 7680K, reserved 1048576K
Event: 19.189 GC heap after
Heap after GC invocations=13 (full 2):
 PSYoungGen      total 160256K, used 22511K [0x00000000eab00000, 0x00000000f8300000, 0x0000000100000000)
  eden space 137728K, 0% used [0x00000000eab00000,0x00000000eab00000,0x00000000f3180000)
  from space 22528K, 99% used [0x00000000f3180000,0x00000000f477bcf0,0x00000000f4780000)
  to   space 28160K, 0% used [0x00000000f6780000,0x00000000f6780000,0x00000000f8300000)
 ParOldGen       total 101376K, used 42348K [0x00000000c0000000, 0x00000000c6300000, 0x00000000eab00000)
  object space 101376K, 41% used [0x00000000c0000000,0x00000000c295b298,0x00000000c6300000)
 Metaspace       used 54871K, capacity 56044K, committed 56064K, reserved 1097728K
  class space    used 7388K, capacity 7661K, committed 7680K, reserved 1048576K
}
Event: 21.988 GC heap before
{Heap before GC invocations=14 (full 2):
 PSYoungGen      total 160256K, used 160239K [0x00000000eab00000, 0x00000000f8300000, 0x0000000100000000)
  eden space 137728K, 100% used [0x00000000eab00000,0x00000000f3180000,0x00000000f3180000)
  from space 22528K, 99% used [0x00000000f3180000,0x00000000f477bcf0,0x00000000f4780000)
  to   space 28160K, 0% used [0x00000000f6780000,0x00000000f6780000,0x00000000f8300000)
 ParOldGen       total 101376K, used 42348K [0x00000000c0000000, 0x00000000c6300000, 0x00000000eab00000)
  object space 101376K, 41% used [0x00000000c0000000,0x00000000c295b298,0x00000000c6300000)
 Metaspace       used 55217K, capacity 56452K, committed 56704K, reserved 1097728K
  class space    used 7401K, capacity 7733K, committed 7808K, reserved 1048576K
Event: 22.007 GC heap after
Heap after GC invocations=14 (full 2):
 PSYoungGen      total 188928K, used 27610K [0x00000000eab00000, 0x00000000f8a80000, 0x0000000100000000)
  eden space 160768K, 0% used [0x00000000eab00000,0x00000000eab00000,0x00000000f4800000)
  from space 28160K, 98% used [0x00000000f6780000,0x00000000f8276b38,0x00000000f8300000)
  to   space 32256K, 0% used [0x00000000f4800000,0x00000000f4800000,0x00000000f6780000)
 ParOldGen       total 101376K, used 42348K [0x00000000c0000000, 0x00000000c6300000, 0x00000000eab00000)
  object space 101376K, 41% used [0x00000000c0000000,0x00000000c295b298,0x00000000c6300000)
 Metaspace       used 55217K, capacity 56452K, committed 56704K, reserved 1097728K
  class space    used 7401K, capacity 7733K, committed 7808K, reserved 1048576K
}
Event: 22.561 GC heap before
{Heap before GC invocations=15 (full 2):
 PSYoungGen      total 188928K, used 188378K [0x00000000eab00000, 0x00000000f8a80000, 0x0000000100000000)
  eden space 160768K, 100% used [0x00000000eab00000,0x00000000f4800000,0x00000000f4800000)
  from space 28160K, 98% used [0x00000000f6780000,0x00000000f8276b38,0x00000000f8300000)
  to   space 32256K, 0% used [0x00000000f4800000,0x00000000f4800000,0x00000000f6780000)
 ParOldGen       total 101376K, used 42348K [0x00000000c0000000, 0x00000000c6300000, 0x00000000eab00000)
  object space 101376K, 41% used [0x00000000c0000000,0x00000000c295b298,0x00000000c6300000)
 Metaspace       used 55253K, capacity 56516K, committed 56704K, reserved 1097728K
  class space    used 7401K, capacity 7733K, committed 7808K, reserved 1048576K
Event: 22.588 GC heap after
Heap after GC invocations=15 (full 2):
 PSYoungGen      total 193024K, used 32240K [0x00000000eab00000, 0x00000000f8a80000, 0x0000000100000000)
  eden space 160768K, 0% used [0x00000000eab00000,0x00000000eab00000,0x00000000f4800000)
  from space 32256K, 99% used [0x00000000f4800000,0x00000000f677c160,0x00000000f6780000)
  to   space 28160K, 0% used [0x00000000f6780000,0x00000000f6780000,0x00000000f8300000)
 ParOldGen       total 101376K, used 45335K [0x00000000c0000000, 0x00000000c6300000, 0x00000000eab00000)
  object space 101376K, 44% used [0x00000000c0000000,0x00000000c2c45de0,0x00000000c6300000)
 Metaspace       used 55253K, capacity 56516K, committed 56704K, reserved 1097728K
  class space    used 7401K, capacity 7733K, committed 7808K, reserved 1048576K
}
Event: 23.083 GC heap before
{Heap before GC invocations=16 (full 2):
 PSYoungGen      total 193024K, used 193008K [0x00000000eab00000, 0x00000000f8a80000, 0x0000000100000000)
  eden space 160768K, 100% used [0x00000000eab00000,0x00000000f4800000,0x00000000f4800000)
  from space 32256K, 99% used [0x00000000f4800000,0x00000000f677c160,0x00000000f6780000)
  to   space 28160K, 0% used [0x00000000f6780000,0x00000000f6780000,0x00000000f8300000)
 ParOldGen       total 101376K, used 45335K [0x00000000c0000000, 0x00000000c6300000, 0x00000000eab00000)
  object space 101376K, 44% used [0x00000000c0000000,0x00000000c2c45de0,0x00000000c6300000)
 Metaspace       used 55269K, capacity 56516K, committed 56704K, reserved 1097728K
  class space    used 7401K, capacity 7733K, committed 7808K, reserved 1048576K
Event: 23.106 GC heap after
Heap after GC invocations=16 (full 2):
 PSYoungGen      total 188928K, used 24405K [0x00000000eab00000, 0x00000000f8a80000, 0x0000000100000000)
  eden space 160768K, 0% used [0x00000000eab00000,0x00000000eab00000,0x00000000f4800000)
  from space 28160K, 86% used [0x00000000f6780000,0x00000000f7f554b0,0x00000000f8300000)
  to   space 32256K, 0% used [0x00000000f4800000,0x00000000f4800000,0x00000000f6780000)
 ParOldGen       total 101376K, used 59767K [0x00000000c0000000, 0x00000000c6300000, 0x00000000eab00000)
  object space 101376K, 58% used [0x00000000c0000000,0x00000000c3a5dd10,0x00000000c6300000)
 Metaspace       used 55269K, capacity 56516K, committed 56704K, reserved 1097728K
  class space    used 7401K, capacity 7733K, committed 7808K, reserved 1048576K
}

