# JRE version: Java(TM) SE Runtime Environment (8.0_101-b13) (build 1.8.0_101-b13)
# Java VM: Java HotSpot(TM) 64-Bit Server VM (25.101-b13 mixed mode windows-amd64 compressed oops)
Heap:
 PSYoungGen      total 219136K, used 133898K [0x00000000eab00000, 0x00000000fa600000, 0x0000000100000000)
  eden space 189440K, 67% used [0x00000000eab00000,0x00000000f283a840,0x00000000f6400000)
  from space 29696K, 19% used [0x00000000f8900000,0x00000000f8e88000,0x00000000fa600000)
  to   space 33792K, 0% used [0x00000000f6400000,0x00000000f6400000,0x00000000f8500000)
 ParOldGen       total 157184K, used 51525K [0x00000000c0000000, 0x00000000c9980000, 0x00000000eab00000)
  object space 157184K, 32% used [0x00000000c0000000,0x00000000c32515f0,0x00000000c9980000)
 Metaspace       used 59605K, capacity 60922K, committed 61144K, reserved 1101824K
  class space    used 7768K, capacity 8110K, committed 8192K, reserved 1048576K
GC Heap History (10 events):
Event: 24.723 GC heap before
{Heap before GC invocations=17 (full 2):
 PSYoungGen      total 154112K, used 154088K [0x00000000eab00000, 0x00000000f6c00000, 0x0000000100000000)
  eden space 134656K, 100% used [0x00000000eab00000,0x00000000f2e80000,0x00000000f2e80000)
  from space 19456K, 99% used [0x00000000f4a00000,0x00000000f5cfa318,0x00000000f5d00000)
  to   space 28160K, 0% used [0x00000000f2e80000,0x00000000f2e80000,0x00000000f4a00000)
 ParOldGen       total 93184K, used 41169K [0x00000000c0000000, 0x00000000c5b00000, 0x00000000eab00000)
  object space 93184K, 44% used [0x00000000c0000000,0x00000000c2834578,0x00000000c5b00000)
 Metaspace       used 56459K, capacity 57602K, committed 57728K, reserved 1099776K
  class space    used 7477K, capacity 7786K, committed 7808K, reserved 1048576K
Event: 24.752 GC heap after
Heap after GC invocations=17 (full 2):
 PSYoungGen      total 162816K, used 21809K [0x00000000eab00000, 0x00000000f8e80000, 0x0000000100000000)
  eden space 134656K, 0% used [0x00000000eab00000,0x00000000eab00000,0x00000000f2e80000)
  from space 28160K, 77% used [0x00000000f2e80000,0x00000000f43cc6d8,0x00000000f4a00000)
  to   space 30208K, 0% used [0x00000000f7100000,0x00000000f7100000,0x00000000f8e80000)
 ParOldGen       total 93184K, used 52280K [0x00000000c0000000, 0x00000000c5b00000, 0x00000000eab00000)
  object space 93184K, 56% used [0x00000000c0000000,0x00000000c330e178,0x00000000c5b00000)
 Metaspace       used 56459K, capacity 57602K, committed 57728K, reserved 1099776K
  class space    used 7477K, capacity 7786K, committed 7808K, reserved 1048576K
}
Event: 28.722 GC heap before
{Heap before GC invocations=18 (full 2):
 PSYoungGen      total 162816K, used 121214K [0x00000000eab00000, 0x00000000f8e80000, 0x0000000100000000)
  eden space 134656K, 73% used [0x00000000eab00000,0x00000000f0c133e0,0x00000000f2e80000)
  from space 28160K, 77% used [0x00000000f2e80000,0x00000000f43cc6d8,0x00000000f4a00000)
  to   space 30208K, 0% used [0x00000000f7100000,0x00000000f7100000,0x00000000f8e80000)
 ParOldGen       total 93184K, used 52280K [0x00000000c0000000, 0x00000000c5b00000, 0x00000000eab00000)
  object space 93184K, 56% used [0x00000000c0000000,0x00000000c330e178,0x00000000c5b00000)
 Metaspace       used 57877K, capacity 59048K, committed 59096K, reserved 1099776K
  class space    used 7634K, capacity 7931K, committed 7936K, reserved 1048576K
Event: 28.748 GC heap after
Heap after GC invocations=18 (full 2):
 PSYoungGen      total 198144K, used 30040K [0x00000000eab00000, 0x00000000f9580000, 0x0000000100000000)
  eden space 167936K, 0% used [0x00000000eab00000,0x00000000eab00000,0x00000000f4f00000)
  from space 30208K, 99% used [0x00000000f7100000,0x00000000f8e56260,0x00000000f8e80000)
  to   space 34816K, 0% used [0x00000000f4f00000,0x00000000f4f00000,0x00000000f7100000)
 ParOldGen       total 93184K, used 52288K [0x00000000c0000000, 0x00000000c5b00000, 0x00000000eab00000)
  object space 93184K, 56% used [0x00000000c0000000,0x00000000c3310178,0x00000000c5b00000)
 Metaspace       used 57877K, capacity 59048K, committed 59096K, reserved 1099776K
  class space    used 7634K, capacity 7931K, committed 7936K, reserved 1048576K
}
Event: 28.748 GC heap before
{Heap before GC invocations=19 (full 3):
 PSYoungGen      total 198144K, used 30040K [0x00000000eab00000, 0x00000000f9580000, 0x0000000100000000)
  eden space 167936K, 0% used [0x00000000eab00000,0x00000000eab00000,0x00000000f4f00000)
  from space 30208K, 99% used [0x00000000f7100000,0x00000000f8e56260,0x00000000f8e80000)
  to   space 34816K, 0% used [0x00000000f4f00000,0x00000000f4f00000,0x00000000f7100000)
 ParOldGen       total 93184K, used 52288K [0x00000000c0000000, 0x00000000c5b00000, 0x00000000eab00000)
  object space 93184K, 56% used [0x00000000c0000000,0x00000000c3310178,0x00000000c5b00000)
 Metaspace       used 57877K, capacity 59048K, committed 59096K, reserved 1099776K
  class space    used 7634K, capacity 7931K, committed 7936K, reserved 1048576K
Event: 29.010 GC heap after
Heap after GC invocations=19 (full 3):
 PSYoungGen      total 198144K, used 0K [0x00000000eab00000, 0x00000000f9580000, 0x0000000100000000)
  eden space 167936K, 0% used [0x00000000eab00000,0x00000000eab00000,0x00000000f4f00000)
  from space 30208K, 0% used [0x00000000f7100000,0x00000000f7100000,0x00000000f8e80000)
  to   space 34816K, 0% used [0x00000000f4f00000,0x00000000f4f00000,0x00000000f7100000)
 ParOldGen       total 157184K, used 51509K [0x00000000c0000000, 0x00000000c9980000, 0x00000000eab00000)
  object space 157184K, 32% used [0x00000000c0000000,0x00000000c324d5f0,0x00000000c9980000)
 Metaspace       used 57877K, capacity 59048K, committed 59096K, reserved 1099776K
  class space    used 7634K, capacity 7931K, committed 7936K, reserved 1048576K
}
Event: 37.945 GC heap before
{Heap before GC invocations=20 (full 3):
 PSYoungGen      total 198144K, used 167936K [0x00000000eab00000, 0x00000000f9580000, 0x0000000100000000)
  eden space 167936K, 100% used [0x00000000eab00000,0x00000000f4f00000,0x00000000f4f00000)
  from space 30208K, 0% used [0x00000000f7100000,0x00000000f7100000,0x00000000f8e80000)
  to   space 34816K, 0% used [0x00000000f4f00000,0x00000000f4f00000,0x00000000f7100000)
 ParOldGen       total 157184K, used 51509K [0x00000000c0000000, 0x00000000c9980000, 0x00000000eab00000)
  object space 157184K, 32% used [0x00000000c0000000,0x00000000c324d5f0,0x00000000c9980000)
 Metaspace       used 58373K, capacity 59662K, committed 59736K, reserved 1101824K
  class space    used 7682K, capacity 8012K, committed 8064K, reserved 1048576K
Event: 37.948 GC heap after
Heap after GC invocations=20 (full 3):
 PSYoungGen      total 202752K, used 3159K [0x00000000eab00000, 0x00000000fab00000, 0x0000000100000000)
  eden space 167936K, 0% used [0x00000000eab00000,0x00000000eab00000,0x00000000f4f00000)
  from space 34816K, 9% used [0x00000000f4f00000,0x00000000f5215e50,0x00000000f7100000)
  to   space 34816K, 0% used [0x00000000f8900000,0x00000000f8900000,0x00000000fab00000)
 ParOldGen       total 157184K, used 51517K [0x00000000c0000000, 0x00000000c9980000, 0x00000000eab00000)
  object space 157184K, 32% used [0x00000000c0000000,0x00000000c324f5f0,0x00000000c9980000)
 Metaspace       used 58373K, capacity 59662K, committed 59736K, reserved 1101824K
  class space    used 7682K, capacity 8012K, committed 8064K, reserved 1048576K
}
Event: 42.412 GC heap before
{Heap before GC invocations=21 (full 3):
 PSYoungGen      total 202752K, used 171095K [0x00000000eab00000, 0x00000000fab00000, 0x0000000100000000)
  eden space 167936K, 100% used [0x00000000eab00000,0x00000000f4f00000,0x00000000f4f00000)
  from space 34816K, 9% used [0x00000000f4f00000,0x00000000f5215e50,0x00000000f7100000)
  to   space 34816K, 0% used [0x00000000f8900000,0x00000000f8900000,0x00000000fab00000)
 ParOldGen       total 157184K, used 51517K [0x00000000c0000000, 0x00000000c9980000, 0x00000000eab00000)
  object space 157184K, 32% used [0x00000000c0000000,0x00000000c324f5f0,0x00000000c9980000)
 Metaspace       used 58627K, capacity 59950K, committed 59992K, reserved 1101824K
  class space    used 7694K, capacity 8044K, committed 8064K, reserved 1048576K
Event: 42.420 GC heap after
Heap after GC invocations=21 (full 3):
 PSYoungGen      total 219136K, used 5664K [0x00000000eab00000, 0x00000000fa600000, 0x0000000100000000)
  eden space 189440K, 0% used [0x00000000eab00000,0x00000000eab00000,0x00000000f6400000)
  from space 29696K, 19% used [0x00000000f8900000,0x00000000f8e88000,0x00000000fa600000)
  to   space 33792K, 0% used [0x00000000f6400000,0x00000000f6400000,0x00000000f8500000)
 ParOldGen       total 157184K, used 51525K [0x00000000c0000000, 0x00000000c9980000, 0x00000000eab00000)
  object space 157184K, 32% used [0x00000000c0000000,0x00000000c32515f0,0x00000000c9980000)
 Metaspace       used 58627K, capacity 59950K, committed 59992K, reserved 1101824K
  class space    used 7694K, capacity 8044K, committed 8064K, reserved 1048576K
}

